ARM GAS  /var/folders/0d/2ntwfkp1791d52chq7d_xwdm0000gn/T//ccQjnnVI.s 			page 1


   1              		.cpu cortex-m7
   2              		.eabi_attribute 28, 1
   3              		.eabi_attribute 20, 1
   4              		.eabi_attribute 21, 1
   5              		.eabi_attribute 23, 3
   6              		.eabi_attribute 24, 1
   7              		.eabi_attribute 25, 1
   8              		.eabi_attribute 26, 1
   9              		.eabi_attribute 30, 2
  10              		.eabi_attribute 34, 1
  11              		.eabi_attribute 18, 4
  12              		.file	"QSPI_Settings.cpp"
  13              		.text
  14              	.Ltext0:
  15              		.cfi_sections	.debug_frame
  16              		.section	.text._ZN5daisy9DaisySeedD2Ev,"axG",%progbits,_ZN5daisy9DaisySeedD5Ev,comdat
  17              		.align	1
  18              		.p2align 2,,3
  19              		.weak	_ZN5daisy9DaisySeedD2Ev
  20              		.arch armv7e-m
  21              		.syntax unified
  22              		.thumb
  23              		.thumb_func
  24              		.fpu fpv5-d16
  26              	_ZN5daisy9DaisySeedD2Ev:
  27              	.LVL0:
  28              	.LFB1454:
  29              		.file 1 "../DaisyExamples/libdaisy/src/daisy_seed.h"
   1:../DaisyExamples/libdaisy/src/daisy_seed.h **** #pragma once
   2:../DaisyExamples/libdaisy/src/daisy_seed.h **** #ifndef DSY_SEED_H
   3:../DaisyExamples/libdaisy/src/daisy_seed.h **** #define DSY_SEED_H
   4:../DaisyExamples/libdaisy/src/daisy_seed.h **** 
   5:../DaisyExamples/libdaisy/src/daisy_seed.h **** #include "daisy.h"
   6:../DaisyExamples/libdaisy/src/daisy_seed.h **** 
   7:../DaisyExamples/libdaisy/src/daisy_seed.h **** //Uncomment this out if you're still using the rev2 hardware
   8:../DaisyExamples/libdaisy/src/daisy_seed.h **** //#define SEED_REV2
   9:../DaisyExamples/libdaisy/src/daisy_seed.h **** 
  10:../DaisyExamples/libdaisy/src/daisy_seed.h **** namespace daisy
  11:../DaisyExamples/libdaisy/src/daisy_seed.h **** {
  12:../DaisyExamples/libdaisy/src/daisy_seed.h **** /**
  13:../DaisyExamples/libdaisy/src/daisy_seed.h ****    @brief This is the higher-level interface for the Daisy board. \n 
  14:../DaisyExamples/libdaisy/src/daisy_seed.h ****     All basic peripheral configuration/initialization is setup here. \n
  15:../DaisyExamples/libdaisy/src/daisy_seed.h **** 
  16:../DaisyExamples/libdaisy/src/daisy_seed.h ****    @ingroup boards
  17:../DaisyExamples/libdaisy/src/daisy_seed.h **** */
  18:../DaisyExamples/libdaisy/src/daisy_seed.h **** class DaisySeed
  19:../DaisyExamples/libdaisy/src/daisy_seed.h **** {
  20:../DaisyExamples/libdaisy/src/daisy_seed.h ****   public:
  21:../DaisyExamples/libdaisy/src/daisy_seed.h ****     DaisySeed() {}
  22:../DaisyExamples/libdaisy/src/daisy_seed.h ****     ~DaisySeed() {}
  30              		.loc 1 22 5 view -0
  31              		.cfi_startproc
  32              		@ args = 0, pretend = 0, frame = 0
  33              		@ frame_needed = 0, uses_anonymous_args = 0
  34              		@ link register save eliminated.
  35              	.LBB46:
  36              	.LBI46:
ARM GAS  /var/folders/0d/2ntwfkp1791d52chq7d_xwdm0000gn/T//ccQjnnVI.s 			page 2


  37              		.file 2 "../DaisyExamples/libdaisy/src/sys/system.h"
   1:../DaisyExamples/libdaisy/src/sys/system.h **** #ifndef DSY_SYSTEM_H
   2:../DaisyExamples/libdaisy/src/sys/system.h **** #define DSY_SYSTEM_H
   3:../DaisyExamples/libdaisy/src/sys/system.h **** 
   4:../DaisyExamples/libdaisy/src/sys/system.h **** #include <cstdint>
   5:../DaisyExamples/libdaisy/src/sys/system.h **** #include "per/tim.h"
   6:../DaisyExamples/libdaisy/src/sys/system.h **** 
   7:../DaisyExamples/libdaisy/src/sys/system.h **** namespace daisy
   8:../DaisyExamples/libdaisy/src/sys/system.h **** {
   9:../DaisyExamples/libdaisy/src/sys/system.h **** /** A handle for interacting with the Core System. 
  10:../DaisyExamples/libdaisy/src/sys/system.h ****  ** This includes the Clock tree, MPU, global DMA initialization,
  11:../DaisyExamples/libdaisy/src/sys/system.h ****  ** cache handling, and any other necessary global initiailzation
  12:../DaisyExamples/libdaisy/src/sys/system.h ****  **
  13:../DaisyExamples/libdaisy/src/sys/system.h ****  ** @author shensley
  14:../DaisyExamples/libdaisy/src/sys/system.h ****  ** @addtogroup system
  15:../DaisyExamples/libdaisy/src/sys/system.h ****  */
  16:../DaisyExamples/libdaisy/src/sys/system.h **** class System
  17:../DaisyExamples/libdaisy/src/sys/system.h **** {
  18:../DaisyExamples/libdaisy/src/sys/system.h ****   public:
  19:../DaisyExamples/libdaisy/src/sys/system.h ****     /** Contains settings for initializing the System */
  20:../DaisyExamples/libdaisy/src/sys/system.h ****     struct Config
  21:../DaisyExamples/libdaisy/src/sys/system.h ****     {
  22:../DaisyExamples/libdaisy/src/sys/system.h ****         /** Specifies the system clock frequency that feeds APB/AHB clocks, etc. */
  23:../DaisyExamples/libdaisy/src/sys/system.h ****         enum class SysClkFreq
  24:../DaisyExamples/libdaisy/src/sys/system.h ****         {
  25:../DaisyExamples/libdaisy/src/sys/system.h ****             FREQ_400MHZ,
  26:../DaisyExamples/libdaisy/src/sys/system.h ****             FREQ_480MHZ,
  27:../DaisyExamples/libdaisy/src/sys/system.h ****         };
  28:../DaisyExamples/libdaisy/src/sys/system.h **** 
  29:../DaisyExamples/libdaisy/src/sys/system.h ****         /** Method to call on the struct to set to defaults
  30:../DaisyExamples/libdaisy/src/sys/system.h ****          ** CPU Freq set to 400MHz
  31:../DaisyExamples/libdaisy/src/sys/system.h ****          ** Cache Enabled 
  32:../DaisyExamples/libdaisy/src/sys/system.h ****          ** */
  33:../DaisyExamples/libdaisy/src/sys/system.h ****         void Defaults()
  34:../DaisyExamples/libdaisy/src/sys/system.h ****         {
  35:../DaisyExamples/libdaisy/src/sys/system.h ****             cpu_freq   = SysClkFreq::FREQ_400MHZ;
  36:../DaisyExamples/libdaisy/src/sys/system.h ****             use_dcache = true;
  37:../DaisyExamples/libdaisy/src/sys/system.h ****             use_icache = true;
  38:../DaisyExamples/libdaisy/src/sys/system.h ****         }
  39:../DaisyExamples/libdaisy/src/sys/system.h **** 
  40:../DaisyExamples/libdaisy/src/sys/system.h ****         /** Method to call on the struct to set to boost mode:
  41:../DaisyExamples/libdaisy/src/sys/system.h ****          ** CPU Freq set to 480MHz
  42:../DaisyExamples/libdaisy/src/sys/system.h ****          ** Cache Enabled 
  43:../DaisyExamples/libdaisy/src/sys/system.h ****          ** */
  44:../DaisyExamples/libdaisy/src/sys/system.h ****         void Boost()
  45:../DaisyExamples/libdaisy/src/sys/system.h ****         {
  46:../DaisyExamples/libdaisy/src/sys/system.h ****             cpu_freq   = SysClkFreq::FREQ_480MHZ;
  47:../DaisyExamples/libdaisy/src/sys/system.h ****             use_dcache = true;
  48:../DaisyExamples/libdaisy/src/sys/system.h ****             use_icache = true;
  49:../DaisyExamples/libdaisy/src/sys/system.h ****         }
  50:../DaisyExamples/libdaisy/src/sys/system.h **** 
  51:../DaisyExamples/libdaisy/src/sys/system.h ****         SysClkFreq cpu_freq;
  52:../DaisyExamples/libdaisy/src/sys/system.h ****         bool       use_dcache;
  53:../DaisyExamples/libdaisy/src/sys/system.h ****         bool       use_icache;
  54:../DaisyExamples/libdaisy/src/sys/system.h ****     };
  55:../DaisyExamples/libdaisy/src/sys/system.h **** 
  56:../DaisyExamples/libdaisy/src/sys/system.h ****     System() {}
ARM GAS  /var/folders/0d/2ntwfkp1791d52chq7d_xwdm0000gn/T//ccQjnnVI.s 			page 3


  57:../DaisyExamples/libdaisy/src/sys/system.h ****     ~System() {}
  38              		.loc 2 57 5 view .LVU1
  39              		.loc 2 57 5 is_stmt 0 view .LVU2
  40              	.LBE46:
  41              	.LBB47:
  42              	.LBI47:
  43              		.file 3 "../DaisyExamples/libdaisy/src/hid/usb.h"
   1:../DaisyExamples/libdaisy/src/hid/usb.h **** #pragma once
   2:../DaisyExamples/libdaisy/src/hid/usb.h **** #ifndef DSY_HID_USB_H
   3:../DaisyExamples/libdaisy/src/hid/usb.h **** #define DSY_HID_USB_H
   4:../DaisyExamples/libdaisy/src/hid/usb.h **** #include <stdint.h>
   5:../DaisyExamples/libdaisy/src/hid/usb.h **** #include <stdlib.h>
   6:../DaisyExamples/libdaisy/src/hid/usb.h **** 
   7:../DaisyExamples/libdaisy/src/hid/usb.h **** namespace daisy
   8:../DaisyExamples/libdaisy/src/hid/usb.h **** /** @addtogroup externals
   9:../DaisyExamples/libdaisy/src/hid/usb.h ****     @{
  10:../DaisyExamples/libdaisy/src/hid/usb.h **** */
  11:../DaisyExamples/libdaisy/src/hid/usb.h **** 
  12:../DaisyExamples/libdaisy/src/hid/usb.h **** {
  13:../DaisyExamples/libdaisy/src/hid/usb.h **** /** 
  14:../DaisyExamples/libdaisy/src/hid/usb.h ****     @brief Interface for initializing and using the USB Peripherals on the daisy
  15:../DaisyExamples/libdaisy/src/hid/usb.h ****     @author Stephen Hensley
  16:../DaisyExamples/libdaisy/src/hid/usb.h ****     @date December 2019
  17:../DaisyExamples/libdaisy/src/hid/usb.h **** */
  18:../DaisyExamples/libdaisy/src/hid/usb.h **** class UsbHandle
  19:../DaisyExamples/libdaisy/src/hid/usb.h **** {
  20:../DaisyExamples/libdaisy/src/hid/usb.h ****   public:
  21:../DaisyExamples/libdaisy/src/hid/usb.h ****     /** Return values for USBHandle Functions */
  22:../DaisyExamples/libdaisy/src/hid/usb.h ****     enum class Result
  23:../DaisyExamples/libdaisy/src/hid/usb.h ****     {
  24:../DaisyExamples/libdaisy/src/hid/usb.h ****         OK,
  25:../DaisyExamples/libdaisy/src/hid/usb.h ****         ERR,
  26:../DaisyExamples/libdaisy/src/hid/usb.h ****     };
  27:../DaisyExamples/libdaisy/src/hid/usb.h **** 
  28:../DaisyExamples/libdaisy/src/hid/usb.h ****     /** Specified which of the two USB Peripherals to initialize. */
  29:../DaisyExamples/libdaisy/src/hid/usb.h ****     enum UsbPeriph
  30:../DaisyExamples/libdaisy/src/hid/usb.h ****     {
  31:../DaisyExamples/libdaisy/src/hid/usb.h ****         FS_INTERNAL, /**< Internal pin */
  32:../DaisyExamples/libdaisy/src/hid/usb.h ****         FS_EXTERNAL, /**< FS External D+ pin is Pin 38 (GPIO32). FS External D- pin is Pin 37 (GPIO
  33:../DaisyExamples/libdaisy/src/hid/usb.h ****         FS_BOTH,     /**< Both */
  34:../DaisyExamples/libdaisy/src/hid/usb.h ****     };
  35:../DaisyExamples/libdaisy/src/hid/usb.h **** 
  36:../DaisyExamples/libdaisy/src/hid/usb.h **** 
  37:../DaisyExamples/libdaisy/src/hid/usb.h ****     /** Function called upon reception of a buffer */
  38:../DaisyExamples/libdaisy/src/hid/usb.h ****     typedef void (*ReceiveCallback)(uint8_t* buff, uint32_t* len);
  39:../DaisyExamples/libdaisy/src/hid/usb.h **** 
  40:../DaisyExamples/libdaisy/src/hid/usb.h ****     UsbHandle() {}
  41:../DaisyExamples/libdaisy/src/hid/usb.h **** 
  42:../DaisyExamples/libdaisy/src/hid/usb.h ****     ~UsbHandle() {}
  44              		.loc 3 42 5 is_stmt 1 view .LVU3
  45              		.loc 3 42 5 is_stmt 0 view .LVU4
  46              	.LBE47:
  47              	.LBB48:
  48              	.LBI48:
  49              		.file 4 "../DaisyExamples/libdaisy/src/per/adc.h"
   1:../DaisyExamples/libdaisy/src/per/adc.h **** #pragma once
   2:../DaisyExamples/libdaisy/src/per/adc.h **** #ifndef DSY_ADC_H
ARM GAS  /var/folders/0d/2ntwfkp1791d52chq7d_xwdm0000gn/T//ccQjnnVI.s 			page 4


   3:../DaisyExamples/libdaisy/src/per/adc.h **** #define DSY_ADC_H /**< Macro */
   4:../DaisyExamples/libdaisy/src/per/adc.h **** #include <stdint.h>
   5:../DaisyExamples/libdaisy/src/per/adc.h **** #include <stdlib.h>
   6:../DaisyExamples/libdaisy/src/per/adc.h **** #include "daisy_core.h"
   7:../DaisyExamples/libdaisy/src/per/adc.h **** #include "per/gpio.h"
   8:../DaisyExamples/libdaisy/src/per/adc.h **** 
   9:../DaisyExamples/libdaisy/src/per/adc.h **** #define DSY_ADC_MAX_CHANNELS 14 /**< Maximum number of ADC channels */
  10:../DaisyExamples/libdaisy/src/per/adc.h **** 
  11:../DaisyExamples/libdaisy/src/per/adc.h **** namespace daisy
  12:../DaisyExamples/libdaisy/src/per/adc.h **** {
  13:../DaisyExamples/libdaisy/src/per/adc.h **** /** @addtogroup analog_digital_conversion
  14:../DaisyExamples/libdaisy/src/per/adc.h ****     @{
  15:../DaisyExamples/libdaisy/src/per/adc.h **** */
  16:../DaisyExamples/libdaisy/src/per/adc.h **** 
  17:../DaisyExamples/libdaisy/src/per/adc.h **** /* While there may not be many configuration options here,
  18:../DaisyExamples/libdaisy/src/per/adc.h **** using a struct like this allows us to add more configuration
  19:../DaisyExamples/libdaisy/src/per/adc.h **** later without breaking existing functionality.
  20:../DaisyExamples/libdaisy/src/per/adc.h **** */
  21:../DaisyExamples/libdaisy/src/per/adc.h **** 
  22:../DaisyExamples/libdaisy/src/per/adc.h **** /** Configuration Structure for a given channel */
  23:../DaisyExamples/libdaisy/src/per/adc.h **** struct AdcChannelConfig
  24:../DaisyExamples/libdaisy/src/per/adc.h **** {
  25:../DaisyExamples/libdaisy/src/per/adc.h ****     /** Which pin to use for multiplexing */
  26:../DaisyExamples/libdaisy/src/per/adc.h ****     enum MuxPin
  27:../DaisyExamples/libdaisy/src/per/adc.h ****     {
  28:../DaisyExamples/libdaisy/src/per/adc.h ****         MUX_SEL_0,    /**< & */
  29:../DaisyExamples/libdaisy/src/per/adc.h ****         MUX_SEL_1,    /**< & */
  30:../DaisyExamples/libdaisy/src/per/adc.h ****         MUX_SEL_2,    /**< & */
  31:../DaisyExamples/libdaisy/src/per/adc.h ****         MUX_SEL_LAST, /**< & */
  32:../DaisyExamples/libdaisy/src/per/adc.h ****     };
  33:../DaisyExamples/libdaisy/src/per/adc.h **** 
  34:../DaisyExamples/libdaisy/src/per/adc.h ****     /** Initializes a single ADC pin as an ADC. 
  35:../DaisyExamples/libdaisy/src/per/adc.h ****     \param pin Pin to init.
  36:../DaisyExamples/libdaisy/src/per/adc.h ****      */
  37:../DaisyExamples/libdaisy/src/per/adc.h ****     void InitSingle(dsy_gpio_pin pin);
  38:../DaisyExamples/libdaisy/src/per/adc.h **** 
  39:../DaisyExamples/libdaisy/src/per/adc.h ****     /** 
  40:../DaisyExamples/libdaisy/src/per/adc.h ****     Initializes a single ADC pin as a Multiplexed ADC.
  41:../DaisyExamples/libdaisy/src/per/adc.h ****     Requires a CD405X Multiplexer connected to the pin.
  42:../DaisyExamples/libdaisy/src/per/adc.h ****     You only need to supply the mux pins that are required,
  43:../DaisyExamples/libdaisy/src/per/adc.h ****     e.g. a 4052 mux would only require mux_0 and mux_1.
  44:../DaisyExamples/libdaisy/src/per/adc.h ****     Internal Callbacks handle the pin addressing.
  45:../DaisyExamples/libdaisy/src/per/adc.h ****     \param mux_channels must be 1-8
  46:../DaisyExamples/libdaisy/src/per/adc.h ****     \param mux_0 First mux pin
  47:../DaisyExamples/libdaisy/src/per/adc.h ****     \param mux_1 Second mux pin
  48:../DaisyExamples/libdaisy/src/per/adc.h ****     \param mux_2 Third mux pin
  49:../DaisyExamples/libdaisy/src/per/adc.h ****     \param adc_pin &
  50:../DaisyExamples/libdaisy/src/per/adc.h ****     */
  51:../DaisyExamples/libdaisy/src/per/adc.h ****     void InitMux(dsy_gpio_pin adc_pin,
  52:../DaisyExamples/libdaisy/src/per/adc.h ****                  size_t       mux_channels,
  53:../DaisyExamples/libdaisy/src/per/adc.h ****                  dsy_gpio_pin mux_0,
  54:../DaisyExamples/libdaisy/src/per/adc.h ****                  dsy_gpio_pin mux_1 = {DSY_GPIOX, 0},
  55:../DaisyExamples/libdaisy/src/per/adc.h ****                  dsy_gpio_pin mux_2 = {DSY_GPIOX, 0});
  56:../DaisyExamples/libdaisy/src/per/adc.h **** 
  57:../DaisyExamples/libdaisy/src/per/adc.h ****     dsy_gpio pin_;                   /**< & */
  58:../DaisyExamples/libdaisy/src/per/adc.h ****     dsy_gpio mux_pin_[MUX_SEL_LAST]; /**< & */
  59:../DaisyExamples/libdaisy/src/per/adc.h ****     uint8_t  mux_channels_;          /**< & */
ARM GAS  /var/folders/0d/2ntwfkp1791d52chq7d_xwdm0000gn/T//ccQjnnVI.s 			page 5


  60:../DaisyExamples/libdaisy/src/per/adc.h **** };
  61:../DaisyExamples/libdaisy/src/per/adc.h **** 
  62:../DaisyExamples/libdaisy/src/per/adc.h **** /**
  63:../DaisyExamples/libdaisy/src/per/adc.h ****    Handler for analog to digital conversion
  64:../DaisyExamples/libdaisy/src/per/adc.h **** */
  65:../DaisyExamples/libdaisy/src/per/adc.h **** class AdcHandle
  66:../DaisyExamples/libdaisy/src/per/adc.h **** {
  67:../DaisyExamples/libdaisy/src/per/adc.h ****   public:
  68:../DaisyExamples/libdaisy/src/per/adc.h ****     /** Supported oversampling amounts */
  69:../DaisyExamples/libdaisy/src/per/adc.h ****     enum OverSampling
  70:../DaisyExamples/libdaisy/src/per/adc.h ****     {
  71:../DaisyExamples/libdaisy/src/per/adc.h ****         OVS_NONE, /**< & */
  72:../DaisyExamples/libdaisy/src/per/adc.h ****         OVS_4,    /**< & */
  73:../DaisyExamples/libdaisy/src/per/adc.h ****         OVS_8,    /**< & */
  74:../DaisyExamples/libdaisy/src/per/adc.h ****         OVS_16,   /**< & */
  75:../DaisyExamples/libdaisy/src/per/adc.h ****         OVS_32,   /**< & */
  76:../DaisyExamples/libdaisy/src/per/adc.h ****         OVS_64,   /**< & */
  77:../DaisyExamples/libdaisy/src/per/adc.h ****         OVS_128,  /**< & */
  78:../DaisyExamples/libdaisy/src/per/adc.h ****         OVS_256,  /**< & */
  79:../DaisyExamples/libdaisy/src/per/adc.h ****         OVS_512,  /**< & */
  80:../DaisyExamples/libdaisy/src/per/adc.h ****         OVS_1024, /**< & */
  81:../DaisyExamples/libdaisy/src/per/adc.h ****         OVS_LAST, /**< & */
  82:../DaisyExamples/libdaisy/src/per/adc.h ****     };
  83:../DaisyExamples/libdaisy/src/per/adc.h **** 
  84:../DaisyExamples/libdaisy/src/per/adc.h ****     AdcHandle() {}
  85:../DaisyExamples/libdaisy/src/per/adc.h ****     ~AdcHandle() {}
  50              		.loc 4 85 5 is_stmt 1 view .LVU5
  51              		.loc 4 85 5 is_stmt 0 view .LVU6
  52              	.LBE48:
  53              	.LBB49:
  54              	.LBI49:
  55              		.file 5 "../DaisyExamples/libdaisy/src/hid/audio.h"
   1:../DaisyExamples/libdaisy/src/hid/audio.h **** #ifndef DSY_AUDIO_H
   2:../DaisyExamples/libdaisy/src/hid/audio.h **** #define DSY_AUDIO_H /**< & */
   3:../DaisyExamples/libdaisy/src/hid/audio.h **** 
   4:../DaisyExamples/libdaisy/src/hid/audio.h **** #include "per/sai.h"
   5:../DaisyExamples/libdaisy/src/hid/audio.h **** 
   6:../DaisyExamples/libdaisy/src/hid/audio.h **** namespace daisy
   7:../DaisyExamples/libdaisy/src/hid/audio.h **** {
   8:../DaisyExamples/libdaisy/src/hid/audio.h **** class AudioHandle
   9:../DaisyExamples/libdaisy/src/hid/audio.h **** {
  10:../DaisyExamples/libdaisy/src/hid/audio.h ****   public:
  11:../DaisyExamples/libdaisy/src/hid/audio.h ****     /** Manually configurable details about the Audio Engine */
  12:../DaisyExamples/libdaisy/src/hid/audio.h ****     /** TODO: Figure out how to get samplerate in here. */
  13:../DaisyExamples/libdaisy/src/hid/audio.h ****     struct Config
  14:../DaisyExamples/libdaisy/src/hid/audio.h ****     {
  15:../DaisyExamples/libdaisy/src/hid/audio.h ****         size_t                        blocksize;
  16:../DaisyExamples/libdaisy/src/hid/audio.h ****         SaiHandle::Config::SampleRate samplerate;
  17:../DaisyExamples/libdaisy/src/hid/audio.h ****         float                         postgain;
  18:../DaisyExamples/libdaisy/src/hid/audio.h ****     };
  19:../DaisyExamples/libdaisy/src/hid/audio.h **** 
  20:../DaisyExamples/libdaisy/src/hid/audio.h ****     enum class Result
  21:../DaisyExamples/libdaisy/src/hid/audio.h ****     {
  22:../DaisyExamples/libdaisy/src/hid/audio.h ****         OK,
  23:../DaisyExamples/libdaisy/src/hid/audio.h ****         ERR,
  24:../DaisyExamples/libdaisy/src/hid/audio.h ****     };
  25:../DaisyExamples/libdaisy/src/hid/audio.h **** 
ARM GAS  /var/folders/0d/2ntwfkp1791d52chq7d_xwdm0000gn/T//ccQjnnVI.s 			page 6


  26:../DaisyExamples/libdaisy/src/hid/audio.h ****     /** Non-Interleaving Callback format. Both arrays arranged by float[chn][sample] */
  27:../DaisyExamples/libdaisy/src/hid/audio.h ****     typedef void (*AudioCallback)(float** in, float** out, size_t size);
  28:../DaisyExamples/libdaisy/src/hid/audio.h **** 
  29:../DaisyExamples/libdaisy/src/hid/audio.h ****     /** Non-Interleaving Callback format. 
  30:../DaisyExamples/libdaisy/src/hid/audio.h ****      ** audio is prepared as { L0, R0, L1, R1, . . . LN, RN }
  31:../DaisyExamples/libdaisy/src/hid/audio.h ****      */
  32:../DaisyExamples/libdaisy/src/hid/audio.h ****     typedef void (*InterleavingAudioCallback)(float* in,
  33:../DaisyExamples/libdaisy/src/hid/audio.h ****                                               float* out,
  34:../DaisyExamples/libdaisy/src/hid/audio.h ****                                               size_t size);
  35:../DaisyExamples/libdaisy/src/hid/audio.h **** 
  36:../DaisyExamples/libdaisy/src/hid/audio.h ****     AudioHandle() : pimpl_(nullptr) {}
  37:../DaisyExamples/libdaisy/src/hid/audio.h ****     ~AudioHandle() {}
  56              		.loc 5 37 5 is_stmt 1 view .LVU7
  57              		.loc 5 37 5 is_stmt 0 view .LVU8
  58              	.LBE49:
  59              		.loc 1 22 19 view .LVU9
  60 0000 7047     		bx	lr
  61              		.cfi_endproc
  62              	.LFE1454:
  64              		.weak	_ZN5daisy9DaisySeedD1Ev
  65              		.thumb_set _ZN5daisy9DaisySeedD1Ev,_ZN5daisy9DaisySeedD2Ev
  66 0002 00BF     		.section	.text._Z12SaveSettingsRK8Settings,"ax",%progbits
  67              		.align	1
  68              		.p2align 2,,3
  69              		.global	_Z12SaveSettingsRK8Settings
  70              		.syntax unified
  71              		.thumb
  72              		.thumb_func
  73              		.fpu fpv5-d16
  75              	_Z12SaveSettingsRK8Settings:
  76              	.LVL1:
  77              	.LFB3593:
  78              		.file 6 "QSPI_Settings.cpp"
   1:QSPI_Settings.cpp **** #include "QSPI_Settings.h"
   2:QSPI_Settings.cpp **** #include <string.h>
   3:QSPI_Settings.cpp **** #include <math.h>
   4:QSPI_Settings.cpp **** 
   5:QSPI_Settings.cpp **** #define BUFF_SIZE (sizeof(Settings)/sizeof(float))
   6:QSPI_Settings.cpp **** //using namespace daisy;
   7:QSPI_Settings.cpp **** 
   8:QSPI_Settings.cpp **** static uint32_t DSY_QSPI_BSS membuff[(4 * BUFF_SIZE) + 1];   //block of memory in flash
   9:QSPI_Settings.cpp **** 
  10:QSPI_Settings.cpp **** 
  11:QSPI_Settings.cpp **** //constexpr uint32_t base = 0x90000000;
  12:QSPI_Settings.cpp **** uint32_t base = (uint32_t) &membuff[0]; //this gives same address as above
  13:QSPI_Settings.cpp **** 
  14:QSPI_Settings.cpp **** //save data to flash memory
  15:QSPI_Settings.cpp **** int SaveSettings(const Settings &currentSetting)
  16:QSPI_Settings.cpp **** {
  79              		.loc 6 16 1 is_stmt 1 view -0
  80              		.cfi_startproc
  81              		@ args = 0, pretend = 0, frame = 72
  82              		@ frame_needed = 0, uses_anonymous_args = 0
  17:QSPI_Settings.cpp ****     float inbuff[BUFF_SIZE];
  83              		.loc 6 17 5 view .LVU11
  18:QSPI_Settings.cpp **** 
  19:QSPI_Settings.cpp ****     inbuff[0] = currentSetting.RevLength;
ARM GAS  /var/folders/0d/2ntwfkp1791d52chq7d_xwdm0000gn/T//ccQjnnVI.s 			page 7


  84              		.loc 6 19 5 view .LVU12
  16:QSPI_Settings.cpp ****     float inbuff[BUFF_SIZE];
  85              		.loc 6 16 1 is_stmt 0 view .LVU13
  86 0000 F0B5     		push	{r4, r5, r6, r7, lr}
  87              		.cfi_def_cfa_offset 20
  88              		.cfi_offset 4, -20
  89              		.cfi_offset 5, -16
  90              		.cfi_offset 6, -12
  91              		.cfi_offset 7, -8
  92              		.cfi_offset 14, -4
  20:QSPI_Settings.cpp ****     inbuff[1] = currentSetting.tapRatio;
  93              		.loc 6 20 15 view .LVU14
  94 0002 4568     		ldr	r5, [r0, #4]	@ float
  16:QSPI_Settings.cpp ****     float inbuff[BUFF_SIZE];
  95              		.loc 6 16 1 view .LVU15
  96 0004 93B0     		sub	sp, sp, #76
  97              		.cfi_def_cfa_offset 96
  21:QSPI_Settings.cpp ****     inbuff[2] = currentSetting.ModDepth;
  98              		.loc 6 21 15 view .LVU16
  99 0006 8668     		ldr	r6, [r0, #8]	@ float
  22:QSPI_Settings.cpp ****     inbuff[3] = currentSetting.ModFreq;
  23:QSPI_Settings.cpp ****     inbuff[4] = currentSetting.HP_Cutoff;
  24:QSPI_Settings.cpp ****     inbuff[5] = currentSetting.LP_Cutoff;
  25:QSPI_Settings.cpp ****     inbuff[6] = currentSetting.Resonance;
  26:QSPI_Settings.cpp ****     inbuff[7] = currentSetting.FilterPrePost;
  27:QSPI_Settings.cpp ****     
  28:QSPI_Settings.cpp ****     //split into 8bit chunks:
  29:QSPI_Settings.cpp ****     //skip first byte - out by one byte for some reason
  30:QSPI_Settings.cpp **** 
  31:QSPI_Settings.cpp ****     uint8_t writebuff[(4 * BUFF_SIZE) + 1];
  32:QSPI_Settings.cpp ****     writebuff[0] = 0; //ignore first value?
 100              		.loc 6 32 18 view .LVU17
 101 0008 0023     		movs	r3, #0
  20:QSPI_Settings.cpp ****     inbuff[2] = currentSetting.ModDepth;
 102              		.loc 6 20 15 view .LVU18
 103 000a 0295     		str	r5, [sp, #8]	@ float
 104 000c 09A9     		add	r1, sp, #36
  22:QSPI_Settings.cpp ****     inbuff[3] = currentSetting.ModFreq;
 105              		.loc 6 22 15 view .LVU19
 106 000e C568     		ldr	r5, [r0, #12]	@ float
 107 0010 02AC     		add	r4, sp, #8
 108              		.loc 6 32 18 view .LVU20
 109 0012 8DF82430 		strb	r3, [sp, #36]
 110 0016 0F46     		mov	r7, r1
  22:QSPI_Settings.cpp ****     inbuff[3] = currentSetting.ModFreq;
 111              		.loc 6 22 15 view .LVU21
 112 0018 0495     		str	r5, [sp, #16]	@ float
  24:QSPI_Settings.cpp ****     inbuff[6] = currentSetting.Resonance;
 113              		.loc 6 24 15 view .LVU22
 114 001a 4569     		ldr	r5, [r0, #20]	@ float
  19:QSPI_Settings.cpp ****     inbuff[1] = currentSetting.tapRatio;
 115              		.loc 6 19 32 view .LVU23
 116 001c 0368     		ldr	r3, [r0]	@ float
  21:QSPI_Settings.cpp ****     inbuff[3] = currentSetting.ModFreq;
 117              		.loc 6 21 15 view .LVU24
 118 001e 0396     		str	r6, [sp, #12]	@ float
  24:QSPI_Settings.cpp ****     inbuff[6] = currentSetting.Resonance;
ARM GAS  /var/folders/0d/2ntwfkp1791d52chq7d_xwdm0000gn/T//ccQjnnVI.s 			page 8


 119              		.loc 6 24 15 view .LVU25
 120 0020 0695     		str	r5, [sp, #24]	@ float
  23:QSPI_Settings.cpp ****     inbuff[5] = currentSetting.LP_Cutoff;
 121              		.loc 6 23 15 view .LVU26
 122 0022 0669     		ldr	r6, [r0, #16]	@ float
  25:QSPI_Settings.cpp ****     inbuff[7] = currentSetting.FilterPrePost;
 123              		.loc 6 25 15 view .LVU27
 124 0024 8569     		ldr	r5, [r0, #24]	@ float
  26:QSPI_Settings.cpp ****     
 125              		.loc 6 26 15 view .LVU28
 126 0026 C069     		ldr	r0, [r0, #28]	@ float
 127              	.LVL2:
  19:QSPI_Settings.cpp ****     inbuff[1] = currentSetting.tapRatio;
 128              		.loc 6 19 15 view .LVU29
 129 0028 0193     		str	r3, [sp, #4]	@ float
  20:QSPI_Settings.cpp ****     inbuff[2] = currentSetting.ModDepth;
 130              		.loc 6 20 5 is_stmt 1 view .LVU30
  21:QSPI_Settings.cpp ****     inbuff[3] = currentSetting.ModFreq;
 131              		.loc 6 21 5 view .LVU31
  22:QSPI_Settings.cpp ****     inbuff[4] = currentSetting.HP_Cutoff;
 132              		.loc 6 22 5 view .LVU32
  23:QSPI_Settings.cpp ****     inbuff[5] = currentSetting.LP_Cutoff;
 133              		.loc 6 23 5 view .LVU33
  23:QSPI_Settings.cpp ****     inbuff[5] = currentSetting.LP_Cutoff;
 134              		.loc 6 23 15 is_stmt 0 view .LVU34
 135 002a 0596     		str	r6, [sp, #20]	@ float
  24:QSPI_Settings.cpp ****     inbuff[6] = currentSetting.Resonance;
 136              		.loc 6 24 5 is_stmt 1 view .LVU35
  25:QSPI_Settings.cpp ****     inbuff[7] = currentSetting.FilterPrePost;
 137              		.loc 6 25 5 view .LVU36
  25:QSPI_Settings.cpp ****     inbuff[7] = currentSetting.FilterPrePost;
 138              		.loc 6 25 15 is_stmt 0 view .LVU37
 139 002c 0795     		str	r5, [sp, #28]	@ float
  26:QSPI_Settings.cpp ****     
 140              		.loc 6 26 5 is_stmt 1 view .LVU38
  26:QSPI_Settings.cpp ****     
 141              		.loc 6 26 15 is_stmt 0 view .LVU39
 142 002e 0890     		str	r0, [sp, #32]	@ float
  31:QSPI_Settings.cpp ****     writebuff[0] = 0; //ignore first value?
 143              		.loc 6 31 5 is_stmt 1 view .LVU40
 144              		.loc 6 32 5 view .LVU41
  33:QSPI_Settings.cpp ****     for(uint8_t i = 0; i < BUFF_SIZE; i++) 
 145              		.loc 6 33 5 view .LVU42
 146              	.LVL3:
 147              	.LBB50:
 148              		.loc 6 33 26 view .LVU43
 149 0030 01E0     		b	.L5
 150              	.LVL4:
 151              	.L8:
 152              		.loc 6 33 26 is_stmt 0 view .LVU44
 153 0032 54F8043B 		ldr	r3, [r4], #4	@ float
 154              	.L5:
 155              	.LBB51:
  34:QSPI_Settings.cpp ****     {
  35:QSPI_Settings.cpp ****         uint8_t bytes[sizeof(float)];
 156              		.loc 6 35 9 is_stmt 1 discriminator 2 view .LVU45
  36:QSPI_Settings.cpp ****         *(float*)(bytes) = inbuff[i];
ARM GAS  /var/folders/0d/2ntwfkp1791d52chq7d_xwdm0000gn/T//ccQjnnVI.s 			page 9


 157              		.loc 6 36 9 discriminator 2 view .LVU46
  37:QSPI_Settings.cpp **** 
  38:QSPI_Settings.cpp ****         writebuff[(4*i) + 1] = bytes[0];
 158              		.loc 6 38 9 discriminator 2 view .LVU47
  39:QSPI_Settings.cpp ****         writebuff[(4*i) + 2] = bytes[1];
 159              		.loc 6 39 30 is_stmt 0 discriminator 2 view .LVU48
 160 0036 C3F30726 		ubfx	r6, r3, #8, #8
  40:QSPI_Settings.cpp ****         writebuff[(4*i) + 3] = bytes[2];
 161              		.loc 6 40 30 discriminator 2 view .LVU49
 162 003a C3F30745 		ubfx	r5, r3, #16, #8
  41:QSPI_Settings.cpp ****         writebuff[(4*i) + 4] = bytes[3];
 163              		.loc 6 41 30 discriminator 2 view .LVU50
 164 003e C3F30760 		ubfx	r0, r3, #24, #8
 165              	.LBE51:
  33:QSPI_Settings.cpp ****     {
 166              		.loc 6 33 26 discriminator 2 view .LVU51
 167 0042 BC42     		cmp	r4, r7
 168              	.LBB52:
  38:QSPI_Settings.cpp ****         writebuff[(4*i) + 2] = bytes[1];
 169              		.loc 6 38 30 discriminator 2 view .LVU52
 170 0044 4B70     		strb	r3, [r1, #1]
  39:QSPI_Settings.cpp ****         writebuff[(4*i) + 3] = bytes[2];
 171              		.loc 6 39 9 is_stmt 1 discriminator 2 view .LVU53
  39:QSPI_Settings.cpp ****         writebuff[(4*i) + 3] = bytes[2];
 172              		.loc 6 39 30 is_stmt 0 discriminator 2 view .LVU54
 173 0046 8E70     		strb	r6, [r1, #2]
  40:QSPI_Settings.cpp ****         writebuff[(4*i) + 4] = bytes[3];
 174              		.loc 6 40 9 is_stmt 1 discriminator 2 view .LVU55
  40:QSPI_Settings.cpp ****         writebuff[(4*i) + 4] = bytes[3];
 175              		.loc 6 40 30 is_stmt 0 discriminator 2 view .LVU56
 176 0048 CD70     		strb	r5, [r1, #3]
 177              		.loc 6 41 9 is_stmt 1 discriminator 2 view .LVU57
 178              		.loc 6 41 30 is_stmt 0 discriminator 2 view .LVU58
 179 004a 01F8040F 		strb	r0, [r1, #4]!
 180              	.LBE52:
  33:QSPI_Settings.cpp ****     {
 181              		.loc 6 33 5 is_stmt 1 discriminator 2 view .LVU59
  33:QSPI_Settings.cpp ****     {
 182              		.loc 6 33 26 discriminator 2 view .LVU60
 183 004e F0D1     		bne	.L8
 184              	.LBE50:
  42:QSPI_Settings.cpp ****         
  43:QSPI_Settings.cpp ****         /*
  44:QSPI_Settings.cpp ****         char32_t inbuff_int{char32_t(inbuff[i])};
  45:QSPI_Settings.cpp ****         writebuff[(4*i) + 1] = (inbuff_int >> 24);
  46:QSPI_Settings.cpp ****         writebuff[(4*i) + 2] = (inbuff_int >> 16)  & 0xFF;
  47:QSPI_Settings.cpp ****         writebuff[(4*i) + 3] = (inbuff_int >>  8)  & 0xFF;
  48:QSPI_Settings.cpp ****         writebuff[(4*i) + 4] = (inbuff_int)        & 0xFF;
  49:QSPI_Settings.cpp ****         */
  50:QSPI_Settings.cpp ****     }
  51:QSPI_Settings.cpp **** 
  52:QSPI_Settings.cpp ****     hw.qspi_handle.mode = DSY_QSPI_MODE_INDIRECT_POLLING;
 185              		.loc 6 52 5 view .LVU61
 186              		.loc 6 52 25 is_stmt 0 view .LVU62
 187 0050 0123     		movs	r3, #1
 188 0052 0948     		ldr	r0, .L9
  53:QSPI_Settings.cpp **** 	dsy_qspi_init(&hw.qspi_handle);
ARM GAS  /var/folders/0d/2ntwfkp1791d52chq7d_xwdm0000gn/T//ccQjnnVI.s 			page 10


  54:QSPI_Settings.cpp ****     dsy_qspi_erase(base, base + ((BUFF_SIZE + 1) * sizeof(membuff[0])));
 189              		.loc 6 54 19 view .LVU63
 190 0054 094C     		ldr	r4, .L9+4
  52:QSPI_Settings.cpp **** 	dsy_qspi_init(&hw.qspi_handle);
 191              		.loc 6 52 25 view .LVU64
 192 0056 00F8033F 		strb	r3, [r0, #3]!
  53:QSPI_Settings.cpp **** 	dsy_qspi_init(&hw.qspi_handle);
 193              		.loc 6 53 2 is_stmt 1 view .LVU65
  53:QSPI_Settings.cpp **** 	dsy_qspi_init(&hw.qspi_handle);
 194              		.loc 6 53 15 is_stmt 0 view .LVU66
 195 005a FFF7FEFF 		bl	dsy_qspi_init
 196              	.LVL5:
 197              		.loc 6 54 5 is_stmt 1 view .LVU67
 198              		.loc 6 54 19 is_stmt 0 view .LVU68
 199 005e 2068     		ldr	r0, [r4]
 200 0060 00F12401 		add	r1, r0, #36
 201 0064 FFF7FEFF 		bl	dsy_qspi_erase
 202              	.LVL6:
  55:QSPI_Settings.cpp ****     return dsy_qspi_write(base, (BUFF_SIZE + 1) * sizeof(membuff[0]), (uint8_t*)writebuff);
 203              		.loc 6 55 5 is_stmt 1 view .LVU69
 204              		.loc 6 55 26 is_stmt 0 view .LVU70
 205 0068 09AA     		add	r2, sp, #36
 206 006a 2421     		movs	r1, #36
 207 006c 2068     		ldr	r0, [r4]
 208 006e FFF7FEFF 		bl	dsy_qspi_write
 209              	.LVL7:
  56:QSPI_Settings.cpp ****     //dsy_qspi_erase(base, base + 2);
  57:QSPI_Settings.cpp ****     //return dsy_qspi_write(base, 2, (uint8_t*)writebuff);
  58:QSPI_Settings.cpp **** }
 210              		.loc 6 58 1 view .LVU71
 211 0072 13B0     		add	sp, sp, #76
 212              		.cfi_def_cfa_offset 20
 213              		@ sp needed
 214 0074 F0BD     		pop	{r4, r5, r6, r7, pc}
 215              	.L10:
 216 0076 00BF     		.align	2
 217              	.L9:
 218 0078 00000000 		.word	.LANCHOR0
 219 007c 00000000 		.word	.LANCHOR1
 220              		.cfi_endproc
 221              	.LFE3593:
 223              		.section	.text._Z12LoadSettingsv,"ax",%progbits
 224              		.align	1
 225              		.p2align 2,,3
 226              		.global	_Z12LoadSettingsv
 227              		.syntax unified
 228              		.thumb
 229              		.thumb_func
 230              		.fpu fpv5-d16
 232              	_Z12LoadSettingsv:
 233              	.LVL8:
 234              	.LFB3594:
  59:QSPI_Settings.cpp **** 
  60:QSPI_Settings.cpp **** //retreive data from flash memory
  61:QSPI_Settings.cpp **** Settings LoadSettings()
  62:QSPI_Settings.cpp **** {
 235              		.loc 6 62 1 is_stmt 1 view -0
ARM GAS  /var/folders/0d/2ntwfkp1791d52chq7d_xwdm0000gn/T//ccQjnnVI.s 			page 11


 236              		.cfi_startproc
 237              		@ args = 0, pretend = 0, frame = 72
 238              		@ frame_needed = 0, uses_anonymous_args = 0
  63:QSPI_Settings.cpp ****     uint8_t outbuff[(4 * BUFF_SIZE) + 1];
 239              		.loc 6 63 5 view .LVU73
  64:QSPI_Settings.cpp ****     float readbuff[BUFF_SIZE];
 240              		.loc 6 64 5 view .LVU74
  65:QSPI_Settings.cpp ****     Settings SettingsInFlash{};
 241              		.loc 6 65 5 view .LVU75
  66:QSPI_Settings.cpp **** 
  67:QSPI_Settings.cpp ****     hw.qspi_handle.mode = DSY_QSPI_MODE_DSY_MEMORY_MAPPED;
 242              		.loc 6 67 5 view .LVU76
  62:QSPI_Settings.cpp ****     uint8_t outbuff[(4 * BUFF_SIZE) + 1];
 243              		.loc 6 62 1 is_stmt 0 view .LVU77
 244 0000 2DE9F041 		push	{r4, r5, r6, r7, r8, lr}
 245              		.cfi_def_cfa_offset 24
 246              		.cfi_offset 4, -24
 247              		.cfi_offset 5, -20
 248              		.cfi_offset 6, -16
 249              		.cfi_offset 7, -12
 250              		.cfi_offset 8, -8
 251              		.cfi_offset 14, -4
 252 0004 8046     		mov	r8, r0
 253              		.loc 6 67 25 view .LVU78
 254 0006 0025     		movs	r5, #0
 255 0008 2048     		ldr	r0, .L17
 256              	.LVL9:
  62:QSPI_Settings.cpp ****     uint8_t outbuff[(4 * BUFF_SIZE) + 1];
 257              		.loc 6 62 1 view .LVU79
 258 000a 92B0     		sub	sp, sp, #72
 259              		.cfi_def_cfa_offset 96
  68:QSPI_Settings.cpp ****     dsy_qspi_init(&hw.qspi_handle);
  69:QSPI_Settings.cpp **** 
  70:QSPI_Settings.cpp ****     //memcpy(outbuff,membuff,sizeof(membuff[0]) * TEST_BUFF_SIZE);
  71:QSPI_Settings.cpp ****     memcpy((void*)&outbuff,(void*)membuff,sizeof(outbuff));
 260              		.loc 6 71 11 view .LVU80
 261 000c 204E     		ldr	r6, .L17+4
  67:QSPI_Settings.cpp ****     dsy_qspi_init(&hw.qspi_handle);
 262              		.loc 6 67 25 view .LVU81
 263 000e 00F8035F 		strb	r5, [r0, #3]!
  68:QSPI_Settings.cpp ****     dsy_qspi_init(&hw.qspi_handle);
 264              		.loc 6 68 5 is_stmt 1 view .LVU82
 265 0012 01AC     		add	r4, sp, #4
  68:QSPI_Settings.cpp ****     dsy_qspi_init(&hw.qspi_handle);
 266              		.loc 6 68 18 is_stmt 0 view .LVU83
 267 0014 FFF7FEFF 		bl	dsy_qspi_init
 268              	.LVL10:
 269              		.loc 6 71 5 is_stmt 1 view .LVU84
 270              		.loc 6 71 11 is_stmt 0 view .LVU85
 271 0018 0DF1240C 		add	ip, sp, #36
 272 001c 2746     		mov	r7, r4
 273 001e 0FCE     		ldmia	r6!, {r0, r1, r2, r3}
 274 0020 ACE80F00 		stmia	ip!, {r0, r1, r2, r3}
 275 0024 0FCE     		ldmia	r6!, {r0, r1, r2, r3}
 276 0026 D6F800E0 		ldr	lr, [r6]
 277 002a 09AE     		add	r6, sp, #36
 278 002c ACE80F00 		stmia	ip!, {r0, r1, r2, r3}
ARM GAS  /var/folders/0d/2ntwfkp1791d52chq7d_xwdm0000gn/T//ccQjnnVI.s 			page 12


 279 0030 8CF800E0 		strb	lr, [ip]
  72:QSPI_Settings.cpp ****     uint8_t bytes[sizeof(float)];
 280              		.loc 6 72 5 is_stmt 1 view .LVU86
  73:QSPI_Settings.cpp **** 
  74:QSPI_Settings.cpp ****     for(uint8_t i = 0; i < BUFF_SIZE; i++)
 281              		.loc 6 74 5 view .LVU87
 282              	.LVL11:
 283              	.LBB53:
 284              		.loc 6 74 26 view .LVU88
 285              	.L13:
 286              	.LBB54:
 287              	.LBB55:
  75:QSPI_Settings.cpp ****     {
  76:QSPI_Settings.cpp ****         //readbuff[i] = float((outbuff[4*i] << 24) | (outbuff[(4*i)+1] << 16) | (outbuff[(4*i)+2] <
  77:QSPI_Settings.cpp ****         for (uint8_t j = 0; j < sizeof(float); j++)
 288              		.loc 6 77 31 view .LVU89
 289 0034 6B46     		mov	r3, sp
 290              	.LBE55:
 291              	.LBE54:
 292              	.LBE53:
  71:QSPI_Settings.cpp ****     uint8_t bytes[sizeof(float)];
 293              		.loc 6 71 11 is_stmt 0 view .LVU90
 294 0036 3246     		mov	r2, r6
 295              	.LVL12:
 296              	.L12:
 297              	.LBB59:
 298              	.LBB57:
 299              	.LBB56:
  78:QSPI_Settings.cpp ****         {
  79:QSPI_Settings.cpp ****             bytes[j] = outbuff[(4*i) + j];
 300              		.loc 6 79 13 is_stmt 1 discriminator 2 view .LVU91
 301              		.loc 6 79 41 is_stmt 0 discriminator 2 view .LVU92
 302 0038 12F8011B 		ldrb	r1, [r2], #1	@ zero_extendqisi2
 303              	.LVL13:
 304              		.loc 6 79 22 discriminator 2 view .LVU93
 305 003c 03F8011B 		strb	r1, [r3], #1
  77:QSPI_Settings.cpp ****         {
 306              		.loc 6 77 9 is_stmt 1 discriminator 2 view .LVU94
 307              	.LVL14:
  77:QSPI_Settings.cpp ****         {
 308              		.loc 6 77 31 discriminator 2 view .LVU95
 309 0040 A342     		cmp	r3, r4
 310 0042 F9D1     		bne	.L12
 311              	.LBE56:
  80:QSPI_Settings.cpp ****         }
  81:QSPI_Settings.cpp ****         readbuff[i] = *(float*)(bytes);
 312              		.loc 6 81 9 discriminator 2 view .LVU96
 313 0044 0435     		adds	r5, r5, #4
 314              	.LVL15:
 315              		.loc 6 81 21 is_stmt 0 discriminator 2 view .LVU97
 316 0046 009B     		ldr	r3, [sp]	@ float
 317 0048 0436     		adds	r6, r6, #4
 318              	.LBE57:
  74:QSPI_Settings.cpp ****     {
 319              		.loc 6 74 26 discriminator 2 view .LVU98
 320 004a 202D     		cmp	r5, #32
 321              	.LBB58:
ARM GAS  /var/folders/0d/2ntwfkp1791d52chq7d_xwdm0000gn/T//ccQjnnVI.s 			page 13


 322              		.loc 6 81 21 discriminator 2 view .LVU99
 323 004c 47F8043B 		str	r3, [r7], #4	@ float
 324              	.LBE58:
  74:QSPI_Settings.cpp ****     {
 325              		.loc 6 74 5 is_stmt 1 discriminator 2 view .LVU100
  74:QSPI_Settings.cpp ****     {
 326              		.loc 6 74 26 discriminator 2 view .LVU101
 327 0050 F0D1     		bne	.L13
 328              	.LBE59:
  82:QSPI_Settings.cpp ****     }
  83:QSPI_Settings.cpp **** 
  84:QSPI_Settings.cpp **** SettingsInFlash.RevLength = readbuff[0];
 329              		.loc 6 84 1 view .LVU102
 330              		.loc 6 84 27 is_stmt 0 view .LVU103
 331 0052 019C     		ldr	r4, [sp, #4]	@ float
  85:QSPI_Settings.cpp **** SettingsInFlash.tapRatio = readbuff[1];
  86:QSPI_Settings.cpp **** SettingsInFlash.ModDepth = readbuff[2];
  87:QSPI_Settings.cpp **** SettingsInFlash.ModFreq = readbuff[3];
  88:QSPI_Settings.cpp **** SettingsInFlash.HP_Cutoff = readbuff[4];
  89:QSPI_Settings.cpp **** SettingsInFlash.LP_Cutoff = readbuff[5];
  90:QSPI_Settings.cpp **** SettingsInFlash.Resonance = readbuff[6];
  91:QSPI_Settings.cpp **** SettingsInFlash.FilterPrePost = readbuff[7];
  92:QSPI_Settings.cpp **** 
  93:QSPI_Settings.cpp **** return SettingsInFlash;
  94:QSPI_Settings.cpp **** 
  95:QSPI_Settings.cpp **** }...
 332              		.loc 6 95 1 view .LVU104
 333 0054 4046     		mov	r0, r8
  85:QSPI_Settings.cpp **** SettingsInFlash.tapRatio = readbuff[1];
 334              		.loc 6 85 26 view .LVU105
 335 0056 0299     		ldr	r1, [sp, #8]	@ float
  86:QSPI_Settings.cpp **** SettingsInFlash.ModDepth = readbuff[2];
 336              		.loc 6 86 26 view .LVU106
 337 0058 039A     		ldr	r2, [sp, #12]	@ float
 338              	.LVL16:
  87:QSPI_Settings.cpp **** SettingsInFlash.ModFreq = readbuff[3];
 339              		.loc 6 87 25 view .LVU107
 340 005a 049B     		ldr	r3, [sp, #16]	@ float
  84:QSPI_Settings.cpp **** SettingsInFlash.RevLength = readbuff[0];
 341              		.loc 6 84 27 view .LVU108
 342 005c C8F80040 		str	r4, [r8]	@ float
  85:QSPI_Settings.cpp **** SettingsInFlash.tapRatio = readbuff[1];
 343              		.loc 6 85 1 is_stmt 1 view .LVU109
  85:QSPI_Settings.cpp **** SettingsInFlash.tapRatio = readbuff[1];
 344              		.loc 6 85 26 is_stmt 0 view .LVU110
 345 0060 C8F80410 		str	r1, [r8, #4]	@ float
  86:QSPI_Settings.cpp **** SettingsInFlash.ModDepth = readbuff[2];
 346              		.loc 6 86 1 is_stmt 1 view .LVU111
  88:QSPI_Settings.cpp **** SettingsInFlash.HP_Cutoff = readbuff[4];
 347              		.loc 6 88 27 is_stmt 0 view .LVU112
 348 0064 059C     		ldr	r4, [sp, #20]	@ float
  89:QSPI_Settings.cpp **** SettingsInFlash.LP_Cutoff = readbuff[5];
 349              		.loc 6 89 27 view .LVU113
 350 0066 0699     		ldr	r1, [sp, #24]	@ float
  86:QSPI_Settings.cpp **** SettingsInFlash.ModDepth = readbuff[2];
 351              		.loc 6 86 26 view .LVU114
 352 0068 C8F80820 		str	r2, [r8, #8]	@ float
ARM GAS  /var/folders/0d/2ntwfkp1791d52chq7d_xwdm0000gn/T//ccQjnnVI.s 			page 14


  87:QSPI_Settings.cpp **** SettingsInFlash.ModFreq = readbuff[3];
 353              		.loc 6 87 1 is_stmt 1 view .LVU115
  87:QSPI_Settings.cpp **** SettingsInFlash.ModFreq = readbuff[3];
 354              		.loc 6 87 25 is_stmt 0 view .LVU116
 355 006c C8F80C30 		str	r3, [r8, #12]	@ float
  88:QSPI_Settings.cpp **** SettingsInFlash.HP_Cutoff = readbuff[4];
 356              		.loc 6 88 1 is_stmt 1 view .LVU117
  90:QSPI_Settings.cpp **** SettingsInFlash.Resonance = readbuff[6];
 357              		.loc 6 90 27 is_stmt 0 view .LVU118
 358 0070 079A     		ldr	r2, [sp, #28]	@ float
  91:QSPI_Settings.cpp **** SettingsInFlash.FilterPrePost = readbuff[7];
 359              		.loc 6 91 31 view .LVU119
 360 0072 089B     		ldr	r3, [sp, #32]	@ float
  88:QSPI_Settings.cpp **** SettingsInFlash.HP_Cutoff = readbuff[4];
 361              		.loc 6 88 27 view .LVU120
 362 0074 C8F81040 		str	r4, [r8, #16]	@ float
  89:QSPI_Settings.cpp **** SettingsInFlash.LP_Cutoff = readbuff[5];
 363              		.loc 6 89 1 is_stmt 1 view .LVU121
  89:QSPI_Settings.cpp **** SettingsInFlash.LP_Cutoff = readbuff[5];
 364              		.loc 6 89 27 is_stmt 0 view .LVU122
 365 0078 C8F81410 		str	r1, [r8, #20]	@ float
  90:QSPI_Settings.cpp **** SettingsInFlash.Resonance = readbuff[6];
 366              		.loc 6 90 1 is_stmt 1 view .LVU123
  90:QSPI_Settings.cpp **** SettingsInFlash.Resonance = readbuff[6];
 367              		.loc 6 90 27 is_stmt 0 view .LVU124
 368 007c C8F81820 		str	r2, [r8, #24]	@ float
  91:QSPI_Settings.cpp **** SettingsInFlash.FilterPrePost = readbuff[7];
 369              		.loc 6 91 1 is_stmt 1 view .LVU125
  91:QSPI_Settings.cpp **** SettingsInFlash.FilterPrePost = readbuff[7];
 370              		.loc 6 91 31 is_stmt 0 view .LVU126
 371 0080 C8F81C30 		str	r3, [r8, #28]	@ float
  93:QSPI_Settings.cpp **** return SettingsInFlash;
 372              		.loc 6 93 1 is_stmt 1 view .LVU127
 373              		.loc 6 95 1 is_stmt 0 view .LVU128
 374 0084 12B0     		add	sp, sp, #72
 375              		.cfi_def_cfa_offset 24
 376              		@ sp needed
 377 0086 BDE8F081 		pop	{r4, r5, r6, r7, r8, pc}
 378              	.LVL17:
 379              	.L18:
 380              		.loc 6 95 1 view .LVU129
 381 008a 00BF     		.align	2
 382              	.L17:
 383 008c 00000000 		.word	.LANCHOR0
 384 0090 00000000 		.word	.LANCHOR2
 385              		.cfi_endproc
 386              	.LFE3594:
 388              		.section	.text.startup._GLOBAL__sub_I_base,"ax",%progbits
 389              		.align	1
 390              		.p2align 2,,3
 391              		.syntax unified
 392              		.thumb
 393              		.thumb_func
 394              		.fpu fpv5-d16
 396              	_GLOBAL__sub_I_base:
 397              	.LFB4132:
 398              		.loc 6 95 1 is_stmt 1 view -0
ARM GAS  /var/folders/0d/2ntwfkp1791d52chq7d_xwdm0000gn/T//ccQjnnVI.s 			page 15


 399              		.cfi_startproc
 400              		@ args = 0, pretend = 0, frame = 0
 401              		@ frame_needed = 0, uses_anonymous_args = 0
 402              		@ link register save eliminated.
 403              	.LVL18:
 404              	.LBB60:
 405              	.LBI60:
 406              		.loc 6 95 1 view .LVU131
 407              	.LBB61:
 408              	.LBB62:
 409              	.LBI62:
  21:../DaisyExamples/libdaisy/src/daisy_seed.h ****     ~DaisySeed() {}
 410              		.loc 1 21 5 view .LVU132
 411              	.LBB63:
 412              	.LBB64:
 413              	.LBI64:
  36:../DaisyExamples/libdaisy/src/hid/audio.h ****     ~AudioHandle() {}
 414              		.loc 5 36 5 view .LVU133
 415              	.LBB65:
 416              	.LBB66:
  36:../DaisyExamples/libdaisy/src/hid/audio.h ****     ~AudioHandle() {}
 417              		.loc 5 36 35 is_stmt 0 view .LVU134
 418 0000 0348     		ldr	r0, .L20
 419 0002 0023     		movs	r3, #0
 420              	.LBE66:
 421              	.LBE65:
 422              	.LBE64:
 423              	.LBE63:
 424              	.LBE62:
 425              		.file 7 "MuxTest.h"
   1:MuxTest.h     **** #ifndef MUXTEST_H
   2:MuxTest.h     **** #define MUXTEST_H
   3:MuxTest.h     **** 
   4:MuxTest.h     **** //#include "daisysp.h"
   5:MuxTest.h     **** #include "daisy_seed.h"
   6:MuxTest.h     **** 
   7:MuxTest.h     **** //using namespace daisysp;
   8:MuxTest.h     **** using namespace daisy;
   9:MuxTest.h     **** 
  10:MuxTest.h     **** static DaisySeed hw;
 426              		.loc 7 10 18 view .LVU135
 427 0004 034A     		ldr	r2, .L20+4
 428 0006 0449     		ldr	r1, .L20+8
 429              	.LBB74:
 430              	.LBB73:
 431              	.LBB69:
 432              	.LBB68:
 433              	.LBB67:
  36:../DaisyExamples/libdaisy/src/hid/audio.h ****     ~AudioHandle() {}
 434              		.loc 5 36 35 view .LVU136
 435 0008 4361     		str	r3, [r0, #20]
 436              	.LVL19:
  36:../DaisyExamples/libdaisy/src/hid/audio.h ****     ~AudioHandle() {}
 437              		.loc 5 36 35 view .LVU137
 438              	.LBE67:
 439              	.LBE68:
 440              	.LBE69:
ARM GAS  /var/folders/0d/2ntwfkp1791d52chq7d_xwdm0000gn/T//ccQjnnVI.s 			page 16


 441              	.LBB70:
 442              	.LBI70:
  84:../DaisyExamples/libdaisy/src/per/adc.h ****     ~AdcHandle() {}
 443              		.loc 4 84 5 is_stmt 1 view .LVU138
  84:../DaisyExamples/libdaisy/src/per/adc.h ****     ~AdcHandle() {}
 444              		.loc 4 84 5 is_stmt 0 view .LVU139
 445              	.LBE70:
 446              	.LBB71:
 447              	.LBI71:
  40:../DaisyExamples/libdaisy/src/hid/usb.h **** 
 448              		.loc 3 40 5 is_stmt 1 view .LVU140
  40:../DaisyExamples/libdaisy/src/hid/usb.h **** 
 449              		.loc 3 40 5 is_stmt 0 view .LVU141
 450              	.LBE71:
 451              	.LBB72:
 452              	.LBI72:
  56:../DaisyExamples/libdaisy/src/sys/system.h ****     ~System() {}
 453              		.loc 2 56 5 is_stmt 1 view .LVU142
  56:../DaisyExamples/libdaisy/src/sys/system.h ****     ~System() {}
 454              		.loc 2 56 5 is_stmt 0 view .LVU143
 455              	.LBE72:
 456              	.LBE73:
 457              	.LBE74:
 458              		.loc 7 10 18 view .LVU144
 459 000a FFF7FEBF 		b	__aeabi_atexit
 460              	.LVL20:
 461              	.L21:
 462 000e 00BF     		.align	2
 463              	.L20:
 464 0010 00000000 		.word	.LANCHOR0
 465 0014 00000000 		.word	__dso_handle
 466 0018 00000000 		.word	_ZN5daisy9DaisySeedD1Ev
 467              	.LBE61:
 468              	.LBE60:
 469              		.cfi_endproc
 470              	.LFE4132:
 472              		.section	.init_array,"aw",%init_array
 473              		.align	2
 474 0000 00000000 		.word	_GLOBAL__sub_I_base(target1)
 475              		.global	base
 476              		.section	.bss._ZL2hw,"aw",%nobits
 477              		.align	2
 478              		.set	.LANCHOR0,. + 0
 481              	_ZL2hw:
 482 0000 00000000 		.space	60
 482      00000000 
 482      00000000 
 482      00000000 
 482      00000000 
 483              		.section	.data.base,"aw"
 484              		.align	2
 485              		.set	.LANCHOR1,. + 0
 488              	base:
 489 0000 00000000 		.word	_ZL7membuff
 490              		.section	.qspiflash_bss,"aw"
 491              		.align	2
 492              		.set	.LANCHOR2,. + 0
ARM GAS  /var/folders/0d/2ntwfkp1791d52chq7d_xwdm0000gn/T//ccQjnnVI.s 			page 17


 495              	_ZL7membuff:
 496 0000 00000000 		.space	132
 496      00000000 
 496      00000000 
 496      00000000 
 496      00000000 
 497              		.text
 498              	.Letext0:
 499              		.file 8 "/usr/local/Cellar/arm-none-eabi-gcc/9-2019-q4-major/gcc/arm-none-eabi/include/machine/_de
 500              		.file 9 "/usr/local/Cellar/arm-none-eabi-gcc/9-2019-q4-major/gcc/arm-none-eabi/include/sys/_stdint
 501              		.file 10 "/usr/local/Cellar/arm-none-eabi-gcc/9-2019-q4-major/gcc/arm-none-eabi/include/stdint.h"
 502              		.file 11 "/usr/local/Cellar/arm-none-eabi-gcc/9-2019-q4-major/gcc/arm-none-eabi/include/c++/9.2.1/
 503              		.file 12 "/usr/local/Cellar/arm-none-eabi-gcc/9-2019-q4-major/gcc/arm-none-eabi/include/c++/9.2.1/
 504              		.file 13 "/usr/local/Cellar/arm-none-eabi-gcc/9-2019-q4-major/gcc/arm-none-eabi/include/c++/9.2.1/
 505              		.file 14 "/usr/local/Cellar/arm-none-eabi-gcc/9-2019-q4-major/gcc/arm-none-eabi/include/c++/9.2.1/
 506              		.file 15 "/usr/local/Cellar/arm-none-eabi-gcc/9-2019-q4-major/gcc/arm-none-eabi/include/c++/9.2.1/
 507              		.file 16 "/usr/local/Cellar/arm-none-eabi-gcc/9-2019-q4-major/gcc/arm-none-eabi/include/c++/9.2.1/
 508              		.file 17 "/usr/local/Cellar/arm-none-eabi-gcc/9-2019-q4-major/gcc/arm-none-eabi/include/c++/9.2.1/
 509              		.file 18 "/usr/local/Cellar/arm-none-eabi-gcc/9-2019-q4-major/gcc/arm-none-eabi/include/c++/9.2.1/
 510              		.file 19 "/usr/local/Cellar/arm-none-eabi-gcc/9-2019-q4-major/gcc/arm-none-eabi/include/c++/9.2.1/
 511              		.file 20 "/usr/local/Cellar/arm-none-eabi-gcc/9-2019-q4-major/gcc/arm-none-eabi/include/c++/9.2.1/
 512              		.file 21 "/usr/local/Cellar/arm-none-eabi-gcc/9-2019-q4-major/gcc/arm-none-eabi/include/c++/9.2.1/
 513              		.file 22 "/usr/local/Cellar/arm-none-eabi-gcc/9-2019-q4-major/gcc/arm-none-eabi/include/c++/9.2.1/
 514              		.file 23 "/usr/local/Cellar/arm-none-eabi-gcc/9-2019-q4-major/gcc/arm-none-eabi/include/c++/9.2.1/
 515              		.file 24 "/usr/local/Cellar/arm-none-eabi-gcc/9-2019-q4-major/gcc/arm-none-eabi/include/c++/9.2.1/
 516              		.file 25 "/usr/local/Cellar/arm-none-eabi-gcc/9-2019-q4-major/gcc/arm-none-eabi/include/c++/9.2.1/
 517              		.file 26 "/usr/local/Cellar/arm-none-eabi-gcc/9-2019-q4-major/gcc/arm-none-eabi/include/c++/9.2.1/
 518              		.file 27 "/usr/local/Cellar/arm-none-eabi-gcc/9-2019-q4-major/gcc/arm-none-eabi/include/c++/9.2.1/
 519              		.file 28 "/usr/local/Cellar/arm-none-eabi-gcc/9-2019-q4-major/gcc/arm-none-eabi/include/c++/9.2.1/
 520              		.file 29 "/usr/local/Cellar/arm-none-eabi-gcc/9-2019-q4-major/gcc/arm-none-eabi/include/c++/9.2.1/
 521              		.file 30 "/usr/local/Cellar/arm-none-eabi-gcc/9-2019-q4-major/gcc/arm-none-eabi/include/c++/9.2.1/
 522              		.file 31 "/usr/local/Cellar/arm-none-eabi-gcc/9-2019-q4-major/gcc/arm-none-eabi/include/c++/9.2.1/
 523              		.file 32 "/usr/local/Cellar/arm-none-eabi-gcc/9-2019-q4-major/gcc/lib/gcc/arm-none-eabi/9.2.1/incl
 524              		.file 33 "/usr/local/Cellar/arm-none-eabi-gcc/9-2019-q4-major/gcc/arm-none-eabi/include/sys/lock.h
 525              		.file 34 "/usr/local/Cellar/arm-none-eabi-gcc/9-2019-q4-major/gcc/arm-none-eabi/include/sys/_types
 526              		.file 35 "/usr/local/Cellar/arm-none-eabi-gcc/9-2019-q4-major/gcc/arm-none-eabi/include/sys/reent.
 527              		.file 36 "/usr/local/Cellar/arm-none-eabi-gcc/9-2019-q4-major/gcc/arm-none-eabi/include/stdlib.h"
 528              		.file 37 "/usr/local/Cellar/arm-none-eabi-gcc/9-2019-q4-major/gcc/arm-none-eabi/include/c++/9.2.1/
 529              		.file 38 "../DaisyExamples/libdaisy/src/daisy_core.h"
 530              		.file 39 "../DaisyExamples/libdaisy/src/per/tim.h"
 531              		.file 40 "../DaisyExamples/libdaisy/src/per/sai.h"
 532              		.file 41 "../DaisyExamples/libdaisy/src/per/qspi.h"
 533              		.file 42 "../DaisyExamples/libdaisy/src/per/dac.h"
 534              		.file 43 "../DaisyExamples/libdaisy/src/per/gpio.h"
 535              		.file 44 "../DaisyExamples/libdaisy/src/dev/sdram.h"
 536              		.file 45 "/usr/local/Cellar/arm-none-eabi-gcc/9-2019-q4-major/gcc/arm-none-eabi/include/math.h"
 537              		.file 46 "/usr/local/Cellar/arm-none-eabi-gcc/9-2019-q4-major/gcc/lib/gcc/arm-none-eabi/9.2.1/incl
 538              		.file 47 "<built-in>"
 539              		.file 48 "/usr/local/Cellar/arm-none-eabi-gcc/9-2019-q4-major/gcc/arm-none-eabi/include/stdio.h"
 540              		.file 49 "/usr/local/Cellar/arm-none-eabi-gcc/9-2019-q4-major/gcc/arm-none-eabi/include/sys/unistd
 541              		.file 50 "../DaisyExamples/libdaisy/src/util/oled_fonts.h"
 542              		.file 51 "../DaisyExamples/DaisySP/Source/Control/adenv.h"
 543              		.file 52 "../DaisyExamples/DaisySP/Source/Utility/dsp.h"
 544              		.file 53 "/usr/local/Cellar/arm-none-eabi-gcc/9-2019-q4-major/gcc/arm-none-eabi/include/c++/9.2.1/
 545              		.file 54 "/usr/local/Cellar/arm-none-eabi-gcc/9-2019-q4-major/gcc/arm-none-eabi/include/wchar.h"
 546              		.file 55 "/usr/local/Cellar/arm-none-eabi-gcc/9-2019-q4-major/gcc/arm-none-eabi/include/locale.h"
 547              		.file 56 "/usr/local/Cellar/arm-none-eabi-gcc/9-2019-q4-major/gcc/arm-none-eabi/include/ctype.h"
ARM GAS  /var/folders/0d/2ntwfkp1791d52chq7d_xwdm0000gn/T//ccQjnnVI.s 			page 18


 548              		.file 57 "/usr/local/Cellar/arm-none-eabi-gcc/9-2019-q4-major/gcc/arm-none-eabi/include/sys/errno.
 549              		.file 58 "QSPI_Settings.h"
 550              		.file 59 "../DaisyExamples/libdaisy/src/dev/sr_595.h"
ARM GAS  /var/folders/0d/2ntwfkp1791d52chq7d_xwdm0000gn/T//ccQjnnVI.s 			page 19


DEFINED SYMBOLS
                            *ABS*:0000000000000000 QSPI_Settings.cpp
/var/folders/0d/2ntwfkp1791d52chq7d_xwdm0000gn/T//ccQjnnVI.s:17     .text._ZN5daisy9DaisySeedD2Ev:0000000000000000 $t
/var/folders/0d/2ntwfkp1791d52chq7d_xwdm0000gn/T//ccQjnnVI.s:26     .text._ZN5daisy9DaisySeedD2Ev:0000000000000000 _ZN5daisy9DaisySeedD2Ev
/var/folders/0d/2ntwfkp1791d52chq7d_xwdm0000gn/T//ccQjnnVI.s:26     .text._ZN5daisy9DaisySeedD2Ev:0000000000000000 _ZN5daisy9DaisySeedD1Ev
/var/folders/0d/2ntwfkp1791d52chq7d_xwdm0000gn/T//ccQjnnVI.s:67     .text._Z12SaveSettingsRK8Settings:0000000000000000 $t
/var/folders/0d/2ntwfkp1791d52chq7d_xwdm0000gn/T//ccQjnnVI.s:75     .text._Z12SaveSettingsRK8Settings:0000000000000000 _Z12SaveSettingsRK8Settings
/var/folders/0d/2ntwfkp1791d52chq7d_xwdm0000gn/T//ccQjnnVI.s:218    .text._Z12SaveSettingsRK8Settings:0000000000000078 $d
/var/folders/0d/2ntwfkp1791d52chq7d_xwdm0000gn/T//ccQjnnVI.s:224    .text._Z12LoadSettingsv:0000000000000000 $t
/var/folders/0d/2ntwfkp1791d52chq7d_xwdm0000gn/T//ccQjnnVI.s:232    .text._Z12LoadSettingsv:0000000000000000 _Z12LoadSettingsv
/var/folders/0d/2ntwfkp1791d52chq7d_xwdm0000gn/T//ccQjnnVI.s:383    .text._Z12LoadSettingsv:000000000000008c $d
/var/folders/0d/2ntwfkp1791d52chq7d_xwdm0000gn/T//ccQjnnVI.s:389    .text.startup._GLOBAL__sub_I_base:0000000000000000 $t
/var/folders/0d/2ntwfkp1791d52chq7d_xwdm0000gn/T//ccQjnnVI.s:396    .text.startup._GLOBAL__sub_I_base:0000000000000000 _GLOBAL__sub_I_base
/var/folders/0d/2ntwfkp1791d52chq7d_xwdm0000gn/T//ccQjnnVI.s:464    .text.startup._GLOBAL__sub_I_base:0000000000000010 $d
/var/folders/0d/2ntwfkp1791d52chq7d_xwdm0000gn/T//ccQjnnVI.s:473    .init_array:0000000000000000 $d
/var/folders/0d/2ntwfkp1791d52chq7d_xwdm0000gn/T//ccQjnnVI.s:488    .data.base:0000000000000000 base
/var/folders/0d/2ntwfkp1791d52chq7d_xwdm0000gn/T//ccQjnnVI.s:477    .bss._ZL2hw:0000000000000000 $d
/var/folders/0d/2ntwfkp1791d52chq7d_xwdm0000gn/T//ccQjnnVI.s:481    .bss._ZL2hw:0000000000000000 _ZL2hw
/var/folders/0d/2ntwfkp1791d52chq7d_xwdm0000gn/T//ccQjnnVI.s:484    .data.base:0000000000000000 $d
/var/folders/0d/2ntwfkp1791d52chq7d_xwdm0000gn/T//ccQjnnVI.s:495    .qspiflash_bss:0000000000000000 _ZL7membuff
/var/folders/0d/2ntwfkp1791d52chq7d_xwdm0000gn/T//ccQjnnVI.s:491    .qspiflash_bss:0000000000000000 $d
                           .group:0000000000000000 _ZN5daisy9DaisySeedD5Ev

UNDEFINED SYMBOLS
dsy_qspi_init
dsy_qspi_erase
dsy_qspi_write
__aeabi_atexit
__dso_handle
